Added Component: Designator=P2(Conn10x2.54)
Add component (AddParameter): Name = "LatestRevisionDate"; Value = "17-Jul-2002"; VariantName = "[No Variations]"
Add component (AddParameter): Name = "LatestRevisionNote"; Value = "Re-released for DXP Platform."; VariantName = "[No Variations]"
Add component (AddParameter): Name = "Publisher"; Value = "Altium Limited"; VariantName = "[No Variations]"
Added Component: Designator=P4(Conn10x2.54)
Add component (AddParameter): Name = "LatestRevisionDate"; Value = "17-Jul-2002"; VariantName = "[No Variations]"
Add component (AddParameter): Name = "LatestRevisionNote"; Value = "Re-released for DXP Platform."; VariantName = "[No Variations]"
Add component (AddParameter): Name = "Publisher"; Value = "Altium Limited"; VariantName = "[No Variations]"
Added Pin To Net: NetName=IO14 Pin=P2-1
Added Pin To Net: NetName=IO27 Pin=P2-2
Added Pin To Net: NetName=IO26 Pin=P2-3
Added Pin To Net: NetName=IO25 Pin=P2-4
Added Pin To Net: NetName=IO33 Pin=P2-5
Added Pin To Net: NetName=IO32 Pin=P2-6
Added Pin To Net: NetName=IO35 Pin=P2-7
Added Pin To Net: NetName=IO34 Pin=P2-8
Added Pin To Net: NetName=SENSOR_VN Pin=P2-9
Added Pin To Net: NetName=SENSOR_VP Pin=P2-10
Added Pin To Net: NetName=IO23 Pin=P4-1
Added Pin To Net: NetName=IO22 Pin=P4-2
Added Pin To Net: NetName=IO21 Pin=P4-3
Added Pin To Net: NetName=IO19 Pin=P4-4
Added Pin To Net: NetName=NetLabel126 Pin=P4-6
Added Pin To Net: NetName=NetLabel127 Pin=P4-7
Added Pin To Net: NetName=NetLabel128 Pin=P4-8
Added Pin To Net: NetName=VDD33 Pin=P4-9
Added Pin To Net: NetName=GND Pin=P4-10
Added Member To Class: ClassName=SSCS_Shematics Member=Component P2 Conn2
Added Member To Class: ClassName=SSCS_Shematics Member=Component P4 Conn1
