Added Component: Designator=P1(Conn2x2.54)
Add component (AddParameter): Name = "LatestRevisionDate"; Value = "17-Jul-2002"; VariantName = "[No Variations]"
Add component (AddParameter): Name = "LatestRevisionNote"; Value = "Re-released for DXP Platform."; VariantName = "[No Variations]"
Add component (AddParameter): Name = "Publisher"; Value = "Altium Limited"; VariantName = "[No Variations]"
Added Component: Designator=P2(Conn10x2.54)
Add component (AddParameter): Name = "LatestRevisionDate"; Value = "17-Jul-2002"; VariantName = "[No Variations]"
Add component (AddParameter): Name = "LatestRevisionNote"; Value = "Re-released for DXP Platform."; VariantName = "[No Variations]"
Add component (AddParameter): Name = "Publisher"; Value = "Altium Limited"; VariantName = "[No Variations]"
Added Component: Designator=P3(Conn3x2.54)
Add component (AddParameter): Name = "LatestRevisionDate"; Value = "17-Jul-2002"; VariantName = "[No Variations]"
Add component (AddParameter): Name = "LatestRevisionNote"; Value = "Re-released for DXP Platform."; VariantName = "[No Variations]"
Add component (AddParameter): Name = "Publisher"; Value = "Altium Limited"; VariantName = "[No Variations]"
Added Component: Designator=P4(Conn10x2.54)
Add component (AddParameter): Name = "LatestRevisionDate"; Value = "17-Jul-2002"; VariantName = "[No Variations]"
Add component (AddParameter): Name = "LatestRevisionNote"; Value = "Re-released for DXP Platform."; VariantName = "[No Variations]"
Add component (AddParameter): Name = "Publisher"; Value = "Altium Limited"; VariantName = "[No Variations]"
Added Component: Designator=P5(Conn7x2.54)
Add component (AddParameter): Name = "LatestRevisionDate"; Value = "17-Jul-2002"; VariantName = "[No Variations]"
Add component (AddParameter): Name = "LatestRevisionNote"; Value = "Re-released for DXP Platform."; VariantName = "[No Variations]"
Add component (AddParameter): Name = "Publisher"; Value = "Altium Limited"; VariantName = "[No Variations]"
Added Component: Designator=P6(Conn2x2.54)
Add component (AddParameter): Name = "LatestRevisionDate"; Value = "17-Jul-2002"; VariantName = "[No Variations]"
Add component (AddParameter): Name = "LatestRevisionNote"; Value = "Re-released for DXP Platform."; VariantName = "[No Variations]"
Add component (AddParameter): Name = "Publisher"; Value = "Altium Limited"; VariantName = "[No Variations]"
Added Component: Designator=P7(Conn5x2.54)
Add component (AddParameter): Name = "LatestRevisionDate"; Value = "17-Jul-2002"; VariantName = "[No Variations]"
Add component (AddParameter): Name = "LatestRevisionNote"; Value = "Re-released for DXP Platform."; VariantName = "[No Variations]"
Add component (AddParameter): Name = "Publisher"; Value = "Altium Limited"; VariantName = "[No Variations]"
Added Component: Designator=SW1(SW)
Add component (AddParameter): Name = "Availability"; Value = "Unavailable"; VariantName = "[No Variations]"
Add component (AddParameter): Name = "MF"; Value = "TE Connectivity"; VariantName = "[No Variations]"
Add component (AddParameter): Name = "MP"; Value = "147873-1"; VariantName = "[No Variations]"
Add component (AddParameter): Name = "Package"; Value = "None"; VariantName = "[No Variations]"
Add component (AddParameter): Name = "Price"; Value = "None"; VariantName = "[No Variations]"
Add component (AddParameter): Name = "SnapEDA_Link"; Value = "https://www.snapeda.com/parts/147873-1/TE%20Connectivity%20ALCOSWITCH%20Switches/view-part/2549694/?ref=snap"; VariantName = "[No Variations]"
Add component (AddParameter): Name = "Value"; Value = ""; VariantName = "[No Variations]"
Added Component: Designator=SW2(SW)
Add component (AddParameter): Name = "Availability"; Value = "Unavailable"; VariantName = "[No Variations]"
Add component (AddParameter): Name = "MF"; Value = "TE Connectivity"; VariantName = "[No Variations]"
Add component (AddParameter): Name = "MP"; Value = "147873-1"; VariantName = "[No Variations]"
Add component (AddParameter): Name = "Package"; Value = "None"; VariantName = "[No Variations]"
Add component (AddParameter): Name = "Price"; Value = "None"; VariantName = "[No Variations]"
Add component (AddParameter): Name = "SnapEDA_Link"; Value = "https://www.snapeda.com/parts/147873-1/TE%20Connectivity%20ALCOSWITCH%20Switches/view-part/2549694/?ref=snap"; VariantName = "[No Variations]"
Add component (AddParameter): Name = "Value"; Value = ""; VariantName = "[No Variations]"
Added Component: Designator=U1(IC38_ESP32-WROOM-32 8MB_EXP)
Add component (AddParameter): Name = "Copyright"; Value = "Copyright (C) 2023 Ultra Librarian. All rights reserved."; VariantName = "[No Variations]"
Add component (AddParameter): Name = "Manufacturer_Part_Number"; Value = "ESP32-WROOM-32 (8MB)"; VariantName = "[No Variations]"
Add component (AddParameter): Name = "Mfr_Name"; Value = "Espressif Systems"; VariantName = "[No Variations]"
Add component (AddParameter): Name = "RefDes"; Value = "RefDes"; VariantName = "[No Variations]"
Add component (AddParameter): Name = "Type"; Value = "DEV"; VariantName = "[No Variations]"
Added Pin To Net: NetName=VDD33 Pin=P1-1
Added Pin To Net: NetName=GND Pin=P1-2
Added Pin To Net: NetName=IO14 Pin=P2-1
Added Pin To Net: NetName=IO27 Pin=P2-2
Added Pin To Net: NetName=IO26 Pin=P2-3
Added Pin To Net: NetName=IO25 Pin=P2-4
Added Pin To Net: NetName=IO33 Pin=P2-5
Added Pin To Net: NetName=IO32 Pin=P2-6
Added Pin To Net: NetName=IO35 Pin=P2-7
Added Pin To Net: NetName=IO34 Pin=P2-8
Added Pin To Net: NetName=SENSOR_VN Pin=P2-9
Added Pin To Net: NetName=SENSOR_VP Pin=P2-10
Added Pin To Net: NetName=TXD0 Pin=P3-1
Added Pin To Net: NetName=RXD0 Pin=P3-2
Added Pin To Net: NetName=GND Pin=P3-3
Added Pin To Net: NetName=IO23 Pin=P4-1
Added Pin To Net: NetName=IO22 Pin=P4-2
Added Pin To Net: NetName=IO21 Pin=P4-3
Added Pin To Net: NetName=IO19 Pin=P4-4
Added Pin To Net: NetName=NetLabel126 Pin=P4-6
Added Pin To Net: NetName=NetLabel127 Pin=P4-7
Added Pin To Net: NetName=NetLabel128 Pin=P4-8
Added Pin To Net: NetName=VDD33 Pin=P4-9
Added Pin To Net: NetName=GND Pin=P4-10
Added Pin To Net: NetName=GND Pin=P5-1
Added Pin To Net: NetName=VDD33 Pin=P5-2
Added Pin To Net: NetName=D0 Pin=P5-3
Added Pin To Net: NetName=D1 Pin=P5-4
Added Pin To Net: NetName=RES Pin=P5-5
Added Pin To Net: NetName=DC Pin=P5-6
Added Pin To Net: NetName=CS Pin=P5-7
Added Pin To Net: NetName=GND Pin=P6-1
Added Pin To Net: NetName=IO12 Pin=P6-2
Added Pin To Net: NetName=NetP7_2 Pin=P7-2
Added Pin To Net: NetName=IO12 Pin=P7-4
Added Pin To Net: NetName=IO12 Pin=P7-5
Added Pin To Net: NetName=BOOT Pin=SW1-1
Added Pin To Net: NetName=VDD33 Pin=SW1-2
Added Pin To Net: NetName=VDD33 Pin=SW2-1
Added Pin To Net: NetName=EN Pin=SW2-2
Added Pin To Net: NetName=GND Pin=U1-1
Added Pin To Net: NetName=VDD33 Pin=U1-2
Added Pin To Net: NetName=EN Pin=U1-3
Added Pin To Net: NetName=SENSOR_VP Pin=U1-4
Added Pin To Net: NetName=SENSOR_VN Pin=U1-5
Added Pin To Net: NetName=IO34 Pin=U1-6
Added Pin To Net: NetName=IO35 Pin=U1-7
Added Pin To Net: NetName=IO32 Pin=U1-8
Added Pin To Net: NetName=IO33 Pin=U1-9
Added Pin To Net: NetName=IO25 Pin=U1-10
Added Pin To Net: NetName=IO26 Pin=U1-11
Added Pin To Net: NetName=IO27 Pin=U1-12
Added Pin To Net: NetName=IO14 Pin=U1-13
Added Pin To Net: NetName=IO12 Pin=U1-14
Added Pin To Net: NetName=GND Pin=U1-15
Added Pin To Net: NetName=NetP7_2 Pin=U1-16
Added Pin To Net: NetName=BOOT Pin=U1-25
Added Pin To Net: NetName=CS Pin=U1-26
Added Pin To Net: NetName=DC Pin=U1-27
Added Pin To Net: NetName=RES Pin=U1-28
Added Pin To Net: NetName=D1 Pin=U1-29
Added Pin To Net: NetName=D0 Pin=U1-30
Added Pin To Net: NetName=IO19 Pin=U1-31
Added Pin To Net: NetName=IO21 Pin=U1-33
Added Pin To Net: NetName=RXD0 Pin=U1-34
Added Pin To Net: NetName=TXD0 Pin=U1-35
Added Pin To Net: NetName=IO22 Pin=U1-36
Added Pin To Net: NetName=IO23 Pin=U1-37
Added Pin To Net: NetName=GND Pin=U1-38
Added Pin To Net: NetName=GND Pin=U1-39
Added Pin To Net: NetName=GND Pin=U1-40
Added Pin To Net: NetName=GND Pin=U1-41
Added Pin To Net: NetName=GND Pin=U1-42
Added Pin To Net: NetName=GND Pin=U1-43
Added Pin To Net: NetName=GND Pin=U1-44
Added Pin To Net: NetName=GND Pin=U1-45
Added Pin To Net: NetName=GND Pin=U1-46
Added Pin To Net: NetName=GND Pin=U1-47
Added Member To Class: ClassName=SSCS_Shematics Member=Component P1 VDD33
Added Member To Class: ClassName=SSCS_Shematics Member=Component P2 Conn2
Added Member To Class: ClassName=SSCS_Shematics Member=Component P3 UARTDwn
Added Member To Class: ClassName=SSCS_Shematics Member=Component P4 Conn1
Added Member To Class: ClassName=SSCS_Shematics Member=Component P5 OLEDHdr
Added Member To Class: ClassName=SSCS_Shematics Member=Component P6 BuzzerHdr
Added Member To Class: ClassName=SSCS_Shematics Member=Component P7 PMHdr
Added Member To Class: ClassName=SSCS_Shematics Member=Component SW1 BOOTBtn
Added Member To Class: ClassName=SSCS_Shematics Member=Component SW2 ENBtn
Added Member To Class: ClassName=SSCS_Shematics Member=Component U1 ESP32-WROOM-32 (8MB)
