Remove Pin=P2-1 From Net=IO14
Remove Pin=P2-2 From Net=IO27
Remove Pin=P2-3 From Net=IO26
Remove Pin=P2-4 From Net=IO25
Remove Pin=P2-5 From Net=IO33
Remove Pin=P2-6 From Net=IO32
Remove Pin=P2-7 From Net=IO35
Remove Pin=P2-8 From Net=IO34
Remove Pin=P2-9 From Net=SENSOR_VN
Remove Pin=P2-10 From Net=SENSOR_VP
Remove Pin=P3-1 From Net=TXD0
Remove Pin=P3-2 From Net=RXD0
Remove Pin=P3-3 From Net=GND
Remove Pin=P4-1 From Net=IO23
Remove Pin=P4-2 From Net=IO22
Remove Pin=P4-3 From Net=IO21
Remove Pin=P4-4 From Net=IO19
Remove Pin=P4-9 From Net=VDD33
Remove Pin=P4-10 From Net=GND
Remove Pin=P5-1 From Net=GND
Remove Pin=P5-2 From Net=VDD33
Remove Pin=P5-3 From Net=D0
Remove Pin=P5-4 From Net=D1
Remove Pin=P5-5 From Net=RES
Remove Pin=P5-6 From Net=DC
Remove Pin=P5-7 From Net=CS
Remove Pin=P6-1 From Net=GND
Remove Pin=P6-2 From Net=IO12
Remove Pin=SW1-1 From Net=BOOT
Remove Pin=SW1-2 From Net=VDD33
Remove Pin=SW2-1 From Net=VDD33
Remove Pin=SW2-2 From Net=EN
Remove Pin=U1-3 From Net=EN
Remove Pin=U1-4 From Net=SENSOR_VP
Remove Pin=U1-5 From Net=SENSOR_VN
Remove Pin=U1-6 From Net=IO34
Remove Pin=U1-7 From Net=IO35
Remove Pin=U1-8 From Net=IO32
Remove Pin=U1-9 From Net=IO33
Remove Pin=U1-10 From Net=IO25
Remove Pin=U1-11 From Net=IO26
Remove Pin=U1-12 From Net=IO27
Remove Pin=U1-13 From Net=IO14
Remove Pin=U1-15 From Net=GND
Remove Pin=U1-25 From Net=BOOT
Remove Pin=U1-26 From Net=CS
Remove Pin=U1-27 From Net=DC
Remove Pin=U1-28 From Net=RES
Remove Pin=U1-29 From Net=D1
Remove Pin=U1-30 From Net=D0
Remove Pin=U1-31 From Net=IO19
Remove Pin=U1-33 From Net=IO21
Remove Pin=U1-34 From Net=RXD0
Remove Pin=U1-35 From Net=TXD0
Remove Pin=U1-36 From Net=IO22
Remove Pin=U1-37 From Net=IO23
Remove Pin=U1-38 From Net=GND
