Change Component Designator: OldDesignator=P2 NewDesignator=P4
Change Component Designator: OldDesignator=P3 NewDesignator=P2
Change Component Designator: OldDesignator=P4 NewDesignator=P3
Change Component Designator: OldDesignator=R1 NewDesignator=R2
Change Component Designator: OldDesignator=R2 NewDesignator=R1
Change Component Designator: OldDesignator=SW1 NewDesignator=SW2
Change Component Designator: OldDesignator=SW2 NewDesignator=SW1
Added Component: Designator=P9(SW)
Add component (AddParameter): Name = "LatestRevisionDate"; Value = "17-Jul-2002"; VariantName = "[No Variations]"
Add component (AddParameter): Name = "LatestRevisionNote"; Value = "Re-released for DXP Platform."; VariantName = "[No Variations]"
Add component (AddParameter): Name = "Publisher"; Value = "Altium Limited"; VariantName = "[No Variations]"
Added Component: Designator=P10(SW)
Add component (AddParameter): Name = "LatestRevisionDate"; Value = "17-Jul-2002"; VariantName = "[No Variations]"
Add component (AddParameter): Name = "LatestRevisionNote"; Value = "Re-released for DXP Platform."; VariantName = "[No Variations]"
Add component (AddParameter): Name = "Publisher"; Value = "Altium Limited"; VariantName = "[No Variations]"
Added Pin To Net: NetName=GND2 Pin=P9-1
Added Pin To Net: NetName=IO26 Pin=P9-2
Added Pin To Net: NetName=IO25 Pin=P10-1
Added Pin To Net: NetName=GND2 Pin=P10-2
Change Net Name : Old Net Name=NetR1_1 New Net Name=NetR2_1
Change Net Name : Old Net Name=NetR2_1 New Net Name=NetR1_1
Added Member To Class: ClassName=SSCS_Shematics Member=Component P9 WiFiBtn
Added Member To Class: ClassName=SSCS_Shematics Member=Component P10 BTBtn
